<?xml version="1.0" encoding="UTF-8"?>
<coverage generated="1689536797029" clover="3.2.0">
  <project timestamp="1689536797029" name="All files">
    <metrics statements="17" coveredstatements="15" conditionals="2" coveredconditionals="1" methods="6" coveredmethods="5" elements="25" coveredelements="21" complexity="0" loc="17" ncloc="17" packages="1" files="2" classes="2"/>
    <file name="CardMovie.jsx" path="C:\Users\clau_\OneDrive\Documents\GitHub\DEV005-movie-challenge-fw\Pangea-movie\src\components\CardMovie.jsx">
      <metrics statements="3" coveredstatements="3" conditionals="2" coveredconditionals="1" methods="1" coveredmethods="1"/>
      <line num="6" count="1" type="stmt"/>
      <line num="7" count="1" type="stmt"/>
      <line num="9" count="1" type="stmt"/>
    </file>
    <file name="Header.jsx" path="C:\Users\clau_\OneDrive\Documents\GitHub\DEV005-movie-challenge-fw\Pangea-movie\src\components\Header.jsx">
      <metrics statements="14" coveredstatements="12" conditionals="0" coveredconditionals="0" methods="5" coveredmethods="4"/>
      <line num="7" count="1" type="stmt"/>
      <line num="8" count="5" type="stmt"/>
      <line num="9" count="5" type="stmt"/>
      <line num="11" count="5" type="stmt"/>
      <line num="12" count="1" type="stmt"/>
      <line num="15" count="5" type="stmt"/>
      <line num="16" count="2" type="stmt"/>
      <line num="17" count="2" type="stmt"/>
      <line num="20" count="5" type="stmt"/>
      <line num="21" count="0" type="stmt"/>
      <line num="22" count="0" type="stmt"/>
      <line num="24" count="5" type="stmt"/>
      <line num="25" count="1" type="stmt"/>
      <line num="27" count="5" type="stmt"/>
    </file>
  </project>
</coverage>
