TN:
SF:src\components\CardMovie.jsx
FN:6,(anonymous_0)
FNF:1
FNH:1
FNDA:1,(anonymous_0)
DA:6,1
DA:7,1
DA:9,1
LF:3
LH:3
BRDA:11,0,0,1
BRDA:11,0,1,0
BRF:2
BRH:1
end_of_record
TN:
SF:src\components\Header.jsx
FN:7,(anonymous_0)
FN:11,(anonymous_1)
FN:15,(anonymous_2)
FN:20,(anonymous_3)
FN:24,(anonymous_4)
FNF:5
FNH:4
FNDA:5,(anonymous_0)
FNDA:1,(anonymous_1)
FNDA:2,(anonymous_2)
FNDA:0,(anonymous_3)
FNDA:1,(anonymous_4)
DA:7,1
DA:8,5
DA:9,5
DA:11,5
DA:12,1
DA:15,5
DA:16,2
DA:17,2
DA:20,5
DA:21,0
DA:22,0
DA:24,5
DA:25,1
DA:27,5
LF:14
LH:12
BRF:0
BRH:0
end_of_record
